{
    "fileType": "Plan",
    "geoFence": {
        "circles": [
        ],
        "polygons": [
        ],
        "version": 2
    },
    "groundStation": "QGroundControl",
    "mission": {
        "cruiseSpeed": 25,
        "firmwareType": 12,
        "hoverSpeed": 5,
        "items": [
            {
                "AMSLAltAboveTerrain": null,
                "Altitude": 20,
                "AltitudeMode": 1,
                "autoContinue": true,
                "command": 84,
                "doJumpId": 1,
                "frame": 3,
                "params": [
                    0,
                    0,
                    0,
                    null,
                    47.3977318,
                    8.5461359,
                    20
                ],
                "type": "SimpleItem"
            },
            {
                "AMSLAltAboveTerrain": null,
                "Altitude": 20,
                "AltitudeMode": 1,
                "autoContinue": true,
                "command": 16,
                "doJumpId": 2,
                "frame": 3,
                "params": [
                    0,
                    0,
                    0,
                    null,
                    47.3979568,
                    8.5484533,
                    20
                ],
                "type": "SimpleItem"
            },
            {
                "AMSLAltAboveTerrain": null,
                "Altitude": 20,
                "AltitudeMode": 1,
                "autoContinue": true,
                "command": 16,
                "doJumpId": 3,
                "frame": 3,
                "params": [
                    0,
                    0,
                    0,
                    null,
                    47.3995171,
                    8.5471439,
                    20
                ],
                "type": "SimpleItem"
            },
            {
                "AMSLAltAboveTerrain": null,
                "Altitude": 20,
                "AltitudeMode": 1,
                "autoContinue": true,
                "command": 16,
                "doJumpId": 4,
                "frame": 3,
                "params": [
                    0,
                    0,
                    0,
                    null,
                    47.3995018,
                    8.5437326,
                    20
                ],
                "type": "SimpleItem"
            },
            {
                "AMSLAltAboveTerrain": null,
                "Altitude": 20,
                "AltitudeMode": 1,
                "autoContinue": true,
                "command": 31,
                "doJumpId": 5,
                "frame": 3,
                "params": [
                    0,
                    50,
                    0,
                    1,
                    47.3980942,
                    8.5428629,
                    20
                ],
                "type": "SimpleItem"
            },
            {
                "AMSLAltAboveTerrain": null,
                "Altitude": 0,
                "AltitudeMode": 1,
                "autoContinue": true,
                "command": 21,
                "doJumpId": 6,
                "frame": 3,
                "params": [
                    0,
                    0,
                    0,
                    null,
                    47.3977318,
                    8.545578,
                    0
                ],
                "type": "SimpleItem"
            }
        ],
        "plannedHomePosition": [
            47.397742,
            8.5455936,
            -0.002
        ],
        "vehicleType": 20,
        "version": 2
    },
    "rallyPoints": {
        "points": [
        ],
        "version": 2
    },
    "version": 1
}
